<?xml version="1.0" encoding="UTF-8"?>
<!-- Generated by org.testng.reporters.JUnitReportReporter -->
<testsuite hostname="DESKTOP-UTFMV6L" failures="0" tests="2" name="shoppersStopTestCase.Login" time="12.347" errors="0" timestamp="2021-11-15T01:14:18 IST" skipped="0">
  <testcase classname="shoppersStopTestCase.Login" name="validateLoginfunctionality" time="6.689"/>
  <system-out/>
  <testcase classname="shoppersStopTestCase.Login" name="ValidateLogoutfunctionality" time="5.658"/>
  <system-out/>
</testsuite> <!-- shoppersStopTestCase.Login -->
