<?xml version="1.0" encoding="UTF-8"?>
<!-- Generated by org.testng.reporters.JUnitReportReporter -->
<testsuite hostname="DESKTOP-UTFMV6L" failures="0" tests="7" name="shoppersStopTestCase.salesSummeryReport" time="13.935" errors="0" timestamp="2021-11-14T17:33:52 IST" skipped="6">
  <testcase classname="shoppersStopTestCase.salesSummeryReport" name="validateDownloadByCashierSalesSummeryReport" time="13.935"/>
  <system-out/>
  <testcase classname="shoppersStopTestCase.salesSummeryReport" name="validateRefundSalesInByCashier">
    <skipped/>
  </testcase> <!-- validateRefundSalesInByCashier -->
  <system-out/>
  <testcase classname="shoppersStopTestCase.salesSummeryReport" name="validateTotalNetSaleInByCashier">
    <skipped/>
  </testcase> <!-- validateTotalNetSaleInByCashier -->
  <system-out/>
  <testcase classname="shoppersStopTestCase.salesSummeryReport" name="validateTotalSaleInByCashier">
    <skipped/>
  </testcase> <!-- validateTotalSaleInByCashier -->
  <system-out/>
  <testcase classname="shoppersStopTestCase.salesSummeryReport" name="validateTotalGrossSaleInByCashier">
    <skipped/>
  </testcase> <!-- validateTotalGrossSaleInByCashier -->
  <system-out/>
  <testcase classname="shoppersStopTestCase.salesSummeryReport" name="validateTotalTaxInByCashier">
    <skipped/>
  </testcase> <!-- validateTotalTaxInByCashier -->
  <system-out/>
  <testcase classname="shoppersStopTestCase.salesSummeryReport" name="validateTotalDiscountInByCashier">
    <skipped/>
  </testcase> <!-- validateTotalDiscountInByCashier -->
  <system-out/>
</testsuite> <!-- shoppersStopTestCase.salesSummeryReport -->
