<?xml version="1.0" encoding="UTF-8"?>
<!-- Generated by org.testng.reporters.JUnitReportReporter -->
<testsuite hostname="DESKTOP-UTFMV6L" failures="0" tests="3" name="shoppersStopTestCase.dailySalesReport" time="39.763" errors="0" timestamp="2021-11-14T15:27:24 IST" skipped="0">
  <testcase classname="shoppersStopTestCase.dailySalesReport" name="validateDailySalesReport" time="16.279"/>
  <system-out/>
  <testcase classname="shoppersStopTestCase.dailySalesReport" name="validateRefundSalesales" time="13.512"/>
  <system-out/>
  <testcase classname="shoppersStopTestCase.dailySalesReport" name="validateDownloadDailySalesReport" time="9.972"/>
  <system-out/>
</testsuite> <!-- shoppersStopTestCase.dailySalesReport -->
