<?xml version="1.0" encoding="UTF-8"?>
<!-- Generated by org.testng.reporters.JUnitReportReporter -->
<testsuite hostname="DESKTOP-UTFMV6L" failures="0" tests="1" name="shoppersStopTestCase.hourlySalesReport" time="18.167" errors="0" timestamp="2021-11-19T02:06:00 IST" skipped="0">
  <testcase classname="shoppersStopTestCase.hourlySalesReport" name="validateTotalPercentage" time="18.167"/>
  <system-out/>
</testsuite> <!-- shoppersStopTestCase.hourlySalesReport -->
